<?xml version="1.0" encoding="UTF-8"?>
<testng-results ignored="0" total="2" passed="1" failed="1" skipped="0">
  <reporter-output>
  </reporter-output>
  <suite started-at="2024-07-16T15:21:46 IST" name="Suite" finished-at="2024-07-16T15:21:53 IST" duration-ms="6600">
    <groups>
    </groups>
    <test started-at="2024-07-16T15:21:46 IST" name="Test" finished-at="2024-07-16T15:21:53 IST" duration-ms="6600">
      <class name="testCases.TC001_Parabank_Register">
        <test-method is-config="true" signature="openApp(java.lang.String)[pri:0, instance:testCases.TC001_Parabank_Register@2d710f1a]" started-at="2024-07-16T15:21:36 IST" name="openApp" finished-at="2024-07-16T15:21:46 IST" duration-ms="10832" status="PASS">
          <params>
            <param index="0">
              <value>
                <![CDATA[https://parabank.parasoft.com/parabank/index.htm]]>
              </value>
            </param>
          </params>
          <reporter-output>
          </reporter-output>
        </test-method> <!-- openApp -->
        <test-method signature="registration()[pri:0, instance:testCases.TC001_Parabank_Register@2d710f1a]" started-at="2024-07-16T15:21:47 IST" name="registration" finished-at="2024-07-16T15:21:53 IST" duration-ms="5403" status="FAIL">
          <exception class="java.lang.AssertionError">
            <message>
              <![CDATA[expected [true] but found [false]]]>
            </message>
            <full-stacktrace>
              <![CDATA[java.lang.AssertionError: expected [true] but found [false]
at org.testng.Assert.fail(Assert.java:99)
at org.testng.Assert.failNotEquals(Assert.java:1037)
at org.testng.Assert.assertTrue(Assert.java:45)
at org.testng.Assert.assertTrue(Assert.java:55)
at testCases.TC001_Parabank_Register.registration(TC001_Parabank_Register.java:29)
at java.base/jdk.internal.reflect.NativeMethodAccessorImpl.invoke0(Native Method)
at java.base/jdk.internal.reflect.NativeMethodAccessorImpl.invoke(NativeMethodAccessorImpl.java:77)
at java.base/jdk.internal.reflect.DelegatingMethodAccessorImpl.invoke(DelegatingMethodAccessorImpl.java:43)
at java.base/java.lang.reflect.Method.invoke(Method.java:568)
at org.testng.internal.MethodInvocationHelper.invokeMethod(MethodInvocationHelper.java:133)
at org.testng.internal.TestInvoker.invokeMethod(TestInvoker.java:598)
at org.testng.internal.TestInvoker.invokeTestMethod(TestInvoker.java:173)
at org.testng.internal.MethodRunner.runInSequence(MethodRunner.java:46)
at org.testng.internal.TestInvoker$MethodInvocationAgent.invoke(TestInvoker.java:824)
at org.testng.internal.TestInvoker.invokeTestMethods(TestInvoker.java:146)
at org.testng.internal.TestMethodWorker.invokeTestMethods(TestMethodWorker.java:146)
at org.testng.internal.TestMethodWorker.run(TestMethodWorker.java:128)
at java.base/java.util.ArrayList.forEach(ArrayList.java:1511)
at org.testng.TestRunner.privateRun(TestRunner.java:794)
at org.testng.TestRunner.run(TestRunner.java:596)
at org.testng.SuiteRunner.runTest(SuiteRunner.java:377)
at org.testng.SuiteRunner.runSequentially(SuiteRunner.java:371)
at org.testng.SuiteRunner.privateRun(SuiteRunner.java:332)
at org.testng.SuiteRunner.run(SuiteRunner.java:276)
at org.testng.SuiteRunnerWorker.runSuite(SuiteRunnerWorker.java:53)
at org.testng.SuiteRunnerWorker.run(SuiteRunnerWorker.java:96)
at org.testng.TestNG.runSuitesSequentially(TestNG.java:1212)
at org.testng.TestNG.runSuitesLocally(TestNG.java:1134)
at org.testng.TestNG.runSuites(TestNG.java:1063)
at org.testng.TestNG.run(TestNG.java:1031)
at org.testng.remote.AbstractRemoteTestNG.run(AbstractRemoteTestNG.java:115)
at org.testng.remote.RemoteTestNG.initAndRun(RemoteTestNG.java:293)
at org.testng.remote.RemoteTestNG.main(RemoteTestNG.java:91)
]]>
            </full-stacktrace>
          </exception> <!-- java.lang.AssertionError -->
          <reporter-output>
          </reporter-output>
        </test-method> <!-- registration -->
        <test-method signature="registration(java.lang.String,java.lang.String,java.lang.String,java.lang.String,java.lang.String,java.lang.String,java.lang.String,java.lang.String,java.lang.String,java.lang.String)[pri:0, instance:testCases.TC001_Parabank_Register@2d710f1a]" started-at="2024-07-16T15:21:53 IST" name="registration" data-provider="registerdata" finished-at="2024-07-16T15:21:53 IST" duration-ms="7" status="PASS">
          <params>
            <param index="0">
              <value>
                <![CDATA[Mahesh]]>
              </value>
            </param>
            <param index="1">
              <value>
                <![CDATA[mahi]]>
              </value>
            </param>
            <param index="2">
              <value>
                <![CDATA[siddipet]]>
              </value>
            </param>
            <param index="3">
              <value>
                <![CDATA[siddipet]]>
              </value>
            </param>
            <param index="4">
              <value>
                <![CDATA[Telangana]]>
              </value>
            </param>
            <param index="5">
              <value>
                <![CDATA[502103]]>
              </value>
            </param>
            <param index="6">
              <value>
                <![CDATA[9186835676]]>
              </value>
            </param>
            <param index="7">
              <value>
                <![CDATA[ssn]]>
              </value>
            </param>
            <param index="8">
              <value>
                <![CDATA[maheshmahi]]>
              </value>
            </param>
            <param index="9">
              <value>
                <![CDATA[123456]]>
              </value>
            </param>
          </params>
          <reporter-output>
          </reporter-output>
        </test-method> <!-- registration -->
        <test-method is-config="true" signature="closeApp()[pri:0, instance:testCases.TC001_Parabank_Register@2d710f1a]" started-at="2024-07-16T15:21:54 IST" name="closeApp" finished-at="2024-07-16T15:21:54 IST" duration-ms="620" status="PASS">
          <reporter-output>
          </reporter-output>
        </test-method> <!-- closeApp -->
      </class> <!-- testCases.TC001_Parabank_Register -->
    </test> <!-- Test -->
  </suite> <!-- Suite -->
</testng-results>
